<?xml version="1.0" encoding="utf-8"?><testsuites name="pytest tests"><testsuite name="pytest" errors="0" failures="0" skipped="0" tests="15" time="3.108" timestamp="2026-01-05T19:41:15.803116+00:00" hostname="agent-env-9025ba8c-68c9-45ad-abf6-80d0dd3bdc34"><testcase classname="tests.test_push_notifications.TestVAPIDKey" name="test_get_vapid_key_success" time="0.070" /><testcase classname="tests.test_push_notifications.TestPushSubscription" name="test_subscribe_to_push" time="0.354" /><testcase classname="tests.test_push_notifications.TestPushSubscription" name="test_subscribe_duplicate" time="0.301" /><testcase classname="tests.test_push_notifications.TestPushSubscription" name="test_unsubscribe_from_push" time="0.362" /><testcase classname="tests.test_push_notifications.TestPushSubscription" name="test_unsubscribe_nonexistent" time="0.358" /><testcase classname="tests.test_push_notifications.TestNotificationPreferences" name="test_get_notification_preferences" time="0.323" /><testcase classname="tests.test_push_notifications.TestNotificationPreferences" name="test_update_notification_preferences" time="0.317" /><testcase classname="tests.test_push_notifications.TestNotificationPreferences" name="test_get_preferences_reflects_update" time="0.356" /><testcase classname="tests.test_push_notifications.TestTestNotification" name="test_send_test_notification" time="0.371" /><testcase classname="tests.test_push_notifications.TestAuthRequired" name="test_subscribe_requires_auth" time="0.039" /><testcase classname="tests.test_push_notifications.TestAuthRequired" name="test_unsubscribe_requires_auth" time="0.033" /><testcase classname="tests.test_push_notifications.TestAuthRequired" name="test_preferences_get_requires_auth" time="0.039" /><testcase classname="tests.test_push_notifications.TestAuthRequired" name="test_preferences_put_requires_auth" time="0.031" /><testcase classname="tests.test_push_notifications.TestAuthRequired" name="test_test_notification_requires_auth" time="0.041" /><testcase classname="tests.test_push_notifications.TestAuthRequired" name="test_vapid_key_no_auth_required" time="0.039" /></testsuite></testsuites>