<?xml version="1.0" encoding="utf-8"?><testsuites name="pytest tests"><testsuite name="pytest" errors="0" failures="0" skipped="0" tests="14" time="1.026" timestamp="2026-01-05T18:38:45.370740+00:00" hostname="agent-env-9025ba8c-68c9-45ad-abf6-80d0dd3bdc34"><testcase classname="tests.test_filter_api.TestFilterAPI" name="test_api_root_accessible" time="0.058" /><testcase classname="tests.test_filter_api.TestFilterAPI" name="test_nearby_families_without_filters" time="0.312" /><testcase classname="tests.test_filter_api.TestFilterAPI" name="test_nearby_families_with_min_age_filter" time="0.010" /><testcase classname="tests.test_filter_api.TestFilterAPI" name="test_nearby_families_with_max_age_filter" time="0.047" /><testcase classname="tests.test_filter_api.TestFilterAPI" name="test_nearby_families_with_age_range_filter" time="0.007" /><testcase classname="tests.test_filter_api.TestFilterAPI" name="test_nearby_families_with_single_interest_filter" time="0.007" /><testcase classname="tests.test_filter_api.TestFilterAPI" name="test_nearby_families_with_multiple_interests_filter" time="0.047" /><testcase classname="tests.test_filter_api.TestFilterAPI" name="test_nearby_families_with_combined_filters" time="0.048" /><testcase classname="tests.test_filter_api.TestFilterAPI" name="test_nearby_families_with_radius_filter" time="0.053" /><testcase classname="tests.test_filter_api.TestFilterAPI" name="test_nearby_families_empty_result" time="0.009" /><testcase classname="tests.test_filter_api.TestFilterAPI" name="test_nearby_families_invalid_age_params" time="0.056" /><testcase classname="tests.test_filter_api.TestExistingTestFamilies" name="test_filter_young_kids_0_7" time="0.303" /><testcase classname="tests.test_filter_api.TestExistingTestFamilies" name="test_filter_teens_14_18" time="0.008" /><testcase classname="tests.test_filter_api.TestExistingTestFamilies" name="test_filter_middle_school_8_12" time="0.007" /></testsuite></testsuites>